[2023-11-07 05:03:21 : INFO] - Re_Smush_It_Task server status: Online 
[2023-11-07 05:03:26 : INFO] - A total of 52 tasks of type smush found and will be processed in this iteration 
[2023-11-07 05:03:26 : DEBUG] - Lock option (updraft_lock_smush, wp_options) was created in the database 
[2023-11-07 05:03:26 : INFO] - Lock (updraft_lock_smush, wp_options) acquired after initialising the database 
[2023-11-07 05:03:26 : INFO] - Processing task with ID : 1, and type 'smush' 
[2023-11-07 05:03:26 : INFO] - Re_Smush_It_Task - Attachment ID : 29, Started on : November 07, 2023 05:03:22 
[2023-11-07 05:03:26 : INFO] - File: dim-hou-h8wLc3lbDuA-unsplash.jpg, Compression quality: 92 
[2023-11-07 05:03:30 : INFO] - Backing up the original image - 2023/11/dim-hou-h8wLc3lbDuA-unsplash-updraft-pre-smush-original.jpg 
[2023-11-07 05:03:30 : INFO] - There were no WebP conversion tools found on your server. 
[2023-11-07 05:03:30 : INFO] - Successfully optimized the image - C:\xampp\htdocs\alate/wp-content/uploads/2023/11/dim-hou-h8wLc3lbDuA-unsplash.jpg.The file was compressed from 99.62 KB to 99.62 KB, saving 0 percent, using WP-Optimize 
[2023-11-07 05:03:30 : INFO] - Completed processing task with ID : 1, and type 'smush' 
[2023-11-07 05:03:30 : INFO] - Processing task with ID : 2, and type 'smush' 
[2023-11-07 05:03:30 : INFO] - Re_Smush_It_Task - Attachment ID : 30, Started on : November 07, 2023 05:03:22 
[2023-11-07 05:03:30 : INFO] - File: Ellipse-1.png, Compression quality: 92 
[2023-11-07 05:03:31 : INFO] - Backing up the original image - 2023/11/Ellipse-1-updraft-pre-smush-original.png 
[2023-11-07 05:03:31 : INFO] - There were no WebP conversion tools found on your server. 
[2023-11-07 05:03:31 : INFO] - Successfully optimized the image - C:\xampp\htdocs\alate/wp-content/uploads/2023/11/Ellipse-1.png.The file was compressed from 11.67 KB to 5.04 KB, saving 56.8 percent, using WP-Optimize 
[2023-11-07 05:03:31 : INFO] - Completed processing task with ID : 2, and type 'smush' 
[2023-11-07 05:03:31 : INFO] - Processing task with ID : 3, and type 'smush' 
[2023-11-07 05:03:31 : INFO] - Re_Smush_It_Task - Attachment ID : 31, Started on : November 07, 2023 05:03:23 
[2023-11-07 05:03:31 : INFO] - File: gabrielle-maurer-RhnIkB2cfsw-unsplash.jpg, Compression quality: 92 
[2023-11-07 05:03:35 : INFO] - Backing up the original image - 2023/11/gabrielle-maurer-RhnIkB2cfsw-unsplash-updraft-pre-smush-original.jpg 
[2023-11-07 05:03:35 : INFO] - There were no WebP conversion tools found on your server. 
[2023-11-07 05:03:35 : INFO] - Successfully optimized the image - C:\xampp\htdocs\alate/wp-content/uploads/2023/11/gabrielle-maurer-RhnIkB2cfsw-unsplash.jpg.The file was compressed from 96.70 KB to 96.70 KB, saving 0 percent, using WP-Optimize 
[2023-11-07 05:03:35 : INFO] - Completed processing task with ID : 3, and type 'smush' 
[2023-11-07 05:03:35 : INFO] - Processing task with ID : 4, and type 'smush' 
[2023-11-07 05:03:35 : INFO] - Re_Smush_It_Task - Attachment ID : 32, Started on : November 07, 2023 05:03:23 
[2023-11-07 05:03:35 : INFO] - File: gianni-scognamiglio-hIHw5zoYo2g-unsplash.jpg, Compression quality: 92 
[2023-11-07 05:03:38 : INFO] - Backing up the original image - 2023/11/gianni-scognamiglio-hIHw5zoYo2g-unsplash-updraft-pre-smush-original.jpg 
[2023-11-07 05:03:38 : INFO] - There were no WebP conversion tools found on your server. 
[2023-11-07 05:03:38 : INFO] - Successfully optimized the image - C:\xampp\htdocs\alate/wp-content/uploads/2023/11/gianni-scognamiglio-hIHw5zoYo2g-unsplash.jpg.The file was compressed from 65.17 KB to 65.17 KB, saving 0 percent, using WP-Optimize 
[2023-11-07 05:03:38 : INFO] - Completed processing task with ID : 4, and type 'smush' 
[2023-11-07 05:03:38 : INFO] - Processing task with ID : 5, and type 'smush' 
[2023-11-07 05:03:38 : INFO] - Re_Smush_It_Task - Attachment ID : 33, Started on : November 07, 2023 05:03:23 
[2023-11-07 05:03:38 : INFO] - File: image-1-1.png, Compression quality: 92 
[2023-11-07 05:03:53 : INFO] - Backing up the original image - 2023/11/image-1-1-updraft-pre-smush-original.png 
[2023-11-07 05:03:53 : INFO] - There were no WebP conversion tools found on your server. 
[2023-11-07 05:03:53 : INFO] - Successfully optimized the image - C:\xampp\htdocs\alate/wp-content/uploads/2023/11/image-1-1.png.The file was compressed from 4.39 MB to 1.53 MB, saving 65.2 percent, using WP-Optimize 
[2023-11-07 05:03:53 : INFO] - Completed processing task with ID : 5, and type 'smush' 
[2023-11-07 05:03:53 : INFO] - Processing task with ID : 6, and type 'smush' 
[2023-11-07 05:03:53 : INFO] - Re_Smush_It_Task - Attachment ID : 34, Started on : November 07, 2023 05:03:23 
[2023-11-07 05:03:53 : INFO] - File: image-1.png, Compression quality: 92 
[2023-11-07 05:04:00 : INFO] - Backing up the original image - 2023/11/image-1-updraft-pre-smush-original.png 
[2023-11-07 05:04:00 : INFO] - There were no WebP conversion tools found on your server. 
[2023-11-07 05:04:00 : INFO] - Successfully optimized the image - C:\xampp\htdocs\alate/wp-content/uploads/2023/11/image-1.png.The file was compressed from 1.47 MB to 476.61 KB, saving 68.32 percent, using WP-Optimize 
[2023-11-07 05:04:00 : INFO] - Completed processing task with ID : 6, and type 'smush' 
[2023-11-07 05:04:00 : INFO] - Processing task with ID : 7, and type 'smush' 
[2023-11-07 05:04:00 : INFO] - Re_Smush_It_Task - Attachment ID : 35, Started on : November 07, 2023 05:03:23 
[2023-11-07 05:04:00 : INFO] - File: image-6-1.png, Compression quality: 92 
[2023-11-07 05:04:03 : INFO] - Backing up the original image - 2023/11/image-6-1-updraft-pre-smush-original.png 
[2023-11-07 05:04:03 : INFO] - There were no WebP conversion tools found on your server. 
[2023-11-07 05:04:03 : INFO] - Successfully optimized the image - C:\xampp\htdocs\alate/wp-content/uploads/2023/11/image-6-1.png.The file was compressed from 96.72 KB to 31.08 KB, saving 67.87 percent, using WP-Optimize 
[2023-11-07 05:04:03 : INFO] - Completed processing task with ID : 7, and type 'smush' 
[2023-11-07 05:04:03 : INFO] - Processing task with ID : 8, and type 'smush' 
[2023-11-07 05:04:03 : INFO] - Re_Smush_It_Task - Attachment ID : 36, Started on : November 07, 2023 05:03:23 
[2023-11-07 05:04:03 : INFO] - File: image-6.png, Compression quality: 92 
[2023-11-07 05:04:06 : INFO] - Backing up the original image - 2023/11/image-6-updraft-pre-smush-original.png 
[2023-11-07 05:04:06 : INFO] - There were no WebP conversion tools found on your server. 
[2023-11-07 05:04:06 : INFO] - Successfully optimized the image - C:\xampp\htdocs\alate/wp-content/uploads/2023/11/image-6.png.The file was compressed from 174.67 KB to 71.58 KB, saving 59.02 percent, using WP-Optimize 
[2023-11-07 05:04:07 : INFO] - Completed processing task with ID : 8, and type 'smush' 
[2023-11-07 05:04:07 : INFO] - Processing task with ID : 9, and type 'smush' 
[2023-11-07 05:04:07 : INFO] - Re_Smush_It_Task - Attachment ID : 37, Started on : November 07, 2023 05:03:23 
[2023-11-07 05:04:07 : INFO] - File: image-7.png, Compression quality: 92 
[2023-11-07 05:04:12 : INFO] - Backing up the original image - 2023/11/image-7-updraft-pre-smush-original.png 
[2023-11-07 05:04:12 : INFO] - There were no WebP conversion tools found on your server. 
[2023-11-07 05:04:12 : INFO] - Successfully optimized the image - C:\xampp\htdocs\alate/wp-content/uploads/2023/11/image-7.png.The file was compressed from 112.42 KB to 54.57 KB, saving 51.46 percent, using WP-Optimize 
[2023-11-07 05:04:12 : INFO] - Completed processing task with ID : 9, and type 'smush' 
[2023-11-07 05:04:12 : INFO] - Processing task with ID : 10, and type 'smush' 
[2023-11-07 05:04:12 : INFO] - Re_Smush_It_Task - Attachment ID : 38, Started on : November 07, 2023 05:03:23 
[2023-11-07 05:04:12 : INFO] - File: image-8-1.png, Compression quality: 92 
[2023-11-07 05:04:15 : INFO] - Backing up the original image - 2023/11/image-8-1-updraft-pre-smush-original.png 
[2023-11-07 05:04:15 : INFO] - There were no WebP conversion tools found on your server. 
[2023-11-07 05:04:15 : INFO] - Successfully optimized the image - C:\xampp\htdocs\alate/wp-content/uploads/2023/11/image-8-1.png.The file was compressed from 52.46 KB to 22.94 KB, saving 56.27 percent, using WP-Optimize 
[2023-11-07 05:04:15 : INFO] - Completed processing task with ID : 10, and type 'smush' 
[2023-11-07 05:04:15 : INFO] - Processing task with ID : 11, and type 'smush' 
[2023-11-07 05:04:15 : INFO] - Re_Smush_It_Task - Attachment ID : 39, Started on : November 07, 2023 05:03:23 
[2023-11-07 05:04:15 : INFO] - File: image-8.png, Compression quality: 92 
[2023-11-07 05:04:20 : INFO] - Backing up the original image - 2023/11/image-8-updraft-pre-smush-original.png 
[2023-11-07 05:04:21 : INFO] - There were no WebP conversion tools found on your server. 
[2023-11-07 05:04:22 : INFO] - Successfully optimized the image - C:\xampp\htdocs\alate/wp-content/uploads/2023/11/image-8.png.The file was compressed from 217.82 KB to 96.58 KB, saving 55.66 percent, using WP-Optimize 
[2023-11-07 05:04:22 : INFO] - Completed processing task with ID : 11, and type 'smush' 
[2023-11-07 05:04:23 : INFO] - Processing task with ID : 12, and type 'smush' 
[2023-11-07 05:04:24 : INFO] - Re_Smush_It_Task - Attachment ID : 40, Started on : November 07, 2023 05:03:23 
[2023-11-07 05:04:24 : INFO] - File: image-10.png, Compression quality: 92 
[2023-11-07 05:04:28 : INFO] - Backing up the original image - 2023/11/image-10-updraft-pre-smush-original.png 
[2023-11-07 05:04:28 : INFO] - There were no WebP conversion tools found on your server. 
[2023-11-07 05:04:28 : INFO] - Successfully optimized the image - C:\xampp\htdocs\alate/wp-content/uploads/2023/11/image-10.png.The file was compressed from 93.04 KB to 47.73 KB, saving 48.7 percent, using WP-Optimize 
[2023-11-07 05:04:28 : INFO] - Completed processing task with ID : 12, and type 'smush' 
[2023-11-07 05:04:28 : INFO] - Processing task with ID : 13, and type 'smush' 
[2023-11-07 05:04:29 : INFO] - Re_Smush_It_Task - Attachment ID : 41, Started on : November 07, 2023 05:03:23 
[2023-11-07 05:04:29 : INFO] - File: image-11.png, Compression quality: 92 
[2023-11-07 05:04:35 : INFO] - Backing up the original image - 2023/11/image-11-updraft-pre-smush-original.png 
[2023-11-07 05:04:35 : INFO] - There were no WebP conversion tools found on your server. 
[2023-11-07 05:04:35 : INFO] - Successfully optimized the image - C:\xampp\htdocs\alate/wp-content/uploads/2023/11/image-11.png.The file was compressed from 243.64 KB to 80.88 KB, saving 66.8 percent, using WP-Optimize 
[2023-11-07 05:04:35 : INFO] - Completed processing task with ID : 13, and type 'smush' 
[2023-11-07 05:04:35 : INFO] - Processing task with ID : 14, and type 'smush' 
[2023-11-07 05:04:36 : INFO] - Re_Smush_It_Task - Attachment ID : 42, Started on : November 07, 2023 05:03:23 
[2023-11-07 05:04:36 : INFO] - File: image-12-1.png, Compression quality: 92 
[2023-11-07 05:04:39 : INFO] - A total of 39 tasks of type smush found and will be processed in this iteration 
[2023-11-07 05:04:39 : DEBUG] - Lock option (updraft_lock_smush, wp_options) already existed in the database 
[2023-11-07 05:04:39 : INFO] - Lock (updraft_lock_smush, wp_options) could not be acquired (it is locked) 
[2023-11-07 05:04:39 : INFO] - Failed to gain semaphore lock (smush) - another process is already processing the queue - aborting (if this is wrong - i.e. if the other process crashed without removing the lock, then another can be started after 1 minute 
[2023-11-07 05:04:39 : INFO] - Cleaning up tasks of type (smush). A total of 13 tasks will be deleted. 
[2023-11-07 05:04:42 : INFO] - Backing up the original image - 2023/11/image-12-1-updraft-pre-smush-original.png 
[2023-11-07 05:04:42 : INFO] - There were no WebP conversion tools found on your server. 
[2023-11-07 05:04:43 : INFO] - Successfully optimized the image - C:\xampp\htdocs\alate/wp-content/uploads/2023/11/image-12-1.png.The file was compressed from 372.02 KB to 118.95 KB, saving 68.03 percent, using WP-Optimize 
[2023-11-07 05:04:43 : INFO] - Completed processing task with ID : 14, and type 'smush' 
[2023-11-07 05:04:43 : INFO] - Processing task with ID : 15, and type 'smush' 
[2023-11-07 05:04:45 : INFO] - Re_Smush_It_Task - Attachment ID : 43, Started on : November 07, 2023 05:03:23 
[2023-11-07 05:04:45 : INFO] - File: image-12.png, Compression quality: 92 
[2023-11-07 05:04:52 : INFO] - Backing up the original image - 2023/11/image-12-updraft-pre-smush-original.png 
[2023-11-07 05:04:52 : INFO] - There were no WebP conversion tools found on your server. 
[2023-11-07 05:04:53 : INFO] - Successfully optimized the image - C:\xampp\htdocs\alate/wp-content/uploads/2023/11/image-12.png.The file was compressed from 265.99 KB to 76.29 KB, saving 71.32 percent, using WP-Optimize 
[2023-11-07 05:04:53 : INFO] - Completed processing task with ID : 15, and type 'smush' 
[2023-11-07 05:04:53 : INFO] - Processing task with ID : 16, and type 'smush' 
[2023-11-07 05:04:53 : INFO] - Re_Smush_It_Task - Attachment ID : 44, Started on : November 07, 2023 05:03:23 
[2023-11-07 05:04:53 : INFO] - File: image-13.png, Compression quality: 92 
[2023-11-07 05:05:02 : INFO] - Task with ID 16 and type (smush) failed with error code invalid_response - The compression apparently succeeded, but WP-Optimize could not retrieve the compressed image from the remote server. 
[2023-11-07 05:05:02 : INFO] - data: {"src":"http:\/\/par4.static.resmush.it\/848d6638d63ffcfa5a95603ed65b63a1\/_src_image-13.png","dest":"http:\/\/par4.static.resmush.it\/848d6638d63ffcfa5a95603ed65b63a1\/image-13.png","src_size":495235,"dest_size":151803,"percent":69,"output":"json","expires":"Tue, 07 Nov 2023 06:09:55 +0100","generator":"reSmush.it rev.3.0.4.20210124"} 
[2023-11-07 05:05:02 : INFO] - There were no WebP conversion tools found on your server. 
[2023-11-07 05:05:02 : INFO] - Processing task with ID : 17, and type 'smush' 
[2023-11-07 05:05:02 : INFO] - Task with ID 17 and type (smush) failed with error code exceeded_max_filesize - C:\xampp\htdocs\alate/wp-content/uploads/2023/11/Rectangle-1-1.png - cannot be optimized, file size is above service provider limit 
[2023-11-07 05:05:02 : INFO] - Processing task with ID : 18, and type 'smush' 
[2023-11-07 05:05:03 : INFO] - Re_Smush_It_Task - Attachment ID : 46, Started on : November 07, 2023 05:03:23 
[2023-11-07 05:05:03 : INFO] - File: Rectangle-1.png, Compression quality: 92 
[2023-11-07 05:05:14 : INFO] - Task with ID 18 and type (smush) failed with error code invalid_response - The compression apparently succeeded, but WP-Optimize could not retrieve the compressed image from the remote server. 
[2023-11-07 05:05:14 : INFO] - data: {"src":"http:\/\/par4.static.resmush.it\/50404651b1c2bb3c34306d3e0699d6d0\/_src_Rectangle-1.png","dest":"http:\/\/par4.static.resmush.it\/50404651b1c2bb3c34306d3e0699d6d0\/Rectangle-1.png","src_size":1611987,"dest_size":460811,"percent":71,"output":"json","expires":"Tue, 07 Nov 2023 06:10:06 +0100","generator":"reSmush.it rev.3.0.4.20210124"} 
[2023-11-07 05:05:14 : INFO] - There were no WebP conversion tools found on your server. 
[2023-11-07 05:05:14 : INFO] - Processing task with ID : 19, and type 'smush' 
[2023-11-07 05:05:14 : INFO] - Re_Smush_It_Task - Attachment ID : 47, Started on : November 07, 2023 05:03:23 
[2023-11-07 05:05:14 : INFO] - File: Rectangle-10.png, Compression quality: 92 
[2023-11-07 05:05:21 : INFO] - Backing up the original image - 2023/11/Rectangle-10-updraft-pre-smush-original.png 
[2023-11-07 05:05:21 : INFO] - There were no WebP conversion tools found on your server. 
[2023-11-07 05:05:21 : INFO] - Successfully optimized the image - C:\xampp\htdocs\alate/wp-content/uploads/2023/11/Rectangle-10.png.The file was compressed from 288.65 KB to 92.79 KB, saving 67.85 percent, using WP-Optimize 
[2023-11-07 05:05:21 : INFO] - Completed processing task with ID : 19, and type 'smush' 
[2023-11-07 05:05:21 : INFO] - Processing task with ID : 20, and type 'smush' 
[2023-11-07 05:05:21 : INFO] - Re_Smush_It_Task - Attachment ID : 48, Started on : November 07, 2023 05:03:24 
[2023-11-07 05:05:21 : INFO] - File: Rectangle-11.png, Compression quality: 92 
[2023-11-07 05:05:25 : INFO] - A total of 33 tasks of type smush found and will be processed in this iteration 
[2023-11-07 05:05:25 : DEBUG] - Lock option (updraft_lock_smush, wp_options) already existed in the database 
[2023-11-07 05:05:25 : INFO] - Lock (updraft_lock_smush, wp_options) could not be acquired (it is locked) 
[2023-11-07 05:05:25 : INFO] - Failed to gain semaphore lock (smush) - another process is already processing the queue - aborting (if this is wrong - i.e. if the other process crashed without removing the lock, then another can be started after 1 minute 
[2023-11-07 05:05:25 : INFO] - Cleaning up tasks of type (smush). A total of 3 tasks will be deleted. 
[2023-11-07 05:05:26 : INFO] - Backing up the original image - 2023/11/Rectangle-11-updraft-pre-smush-original.png 
[2023-11-07 05:05:26 : INFO] - There were no WebP conversion tools found on your server. 
[2023-11-07 05:05:26 : INFO] - Successfully optimized the image - C:\xampp\htdocs\alate/wp-content/uploads/2023/11/Rectangle-11.png.The file was compressed from 332.85 KB to 92.20 KB, saving 72.3 percent, using WP-Optimize 
[2023-11-07 05:05:26 : INFO] - Completed processing task with ID : 20, and type 'smush' 
[2023-11-07 05:05:26 : INFO] - Processing task with ID : 21, and type 'smush' 
[2023-11-07 05:05:26 : INFO] - Re_Smush_It_Task - Attachment ID : 49, Started on : November 07, 2023 05:03:24 
[2023-11-07 05:05:26 : INFO] - File: Rectangle-12.png, Compression quality: 92 
[2023-11-07 05:05:37 : INFO] - Backing up the original image - 2023/11/Rectangle-12-updraft-pre-smush-original.png 
[2023-11-07 05:05:38 : INFO] - There were no WebP conversion tools found on your server. 
[2023-11-07 05:05:38 : INFO] - Successfully optimized the image - C:\xampp\htdocs\alate/wp-content/uploads/2023/11/Rectangle-12.png.The file was compressed from 383.39 KB to 114.12 KB, saving 70.23 percent, using WP-Optimize 
[2023-11-07 05:05:38 : INFO] - Completed processing task with ID : 21, and type 'smush' 
[2023-11-07 05:05:38 : INFO] - Processing task with ID : 22, and type 'smush' 
[2023-11-07 05:05:38 : INFO] - Re_Smush_It_Task - Attachment ID : 50, Started on : November 07, 2023 05:03:24 
[2023-11-07 05:05:38 : INFO] - File: Rectangle-14.png, Compression quality: 92 
[2023-11-07 05:05:46 : INFO] - Task with ID 22 and type (smush) failed with error code invalid_response - The compression apparently succeeded, but WP-Optimize could not retrieve the compressed image from the remote server. 
[2023-11-07 05:05:46 : INFO] - data: {"src":"http:\/\/par2.static.resmush.it\/3e5316f42482894c75629fba90bf3700\/_src_Rectangle-14.png","dest":"http:\/\/par2.static.resmush.it\/3e5316f42482894c75629fba90bf3700\/Rectangle-14.png","src_size":830328,"dest_size":276486,"percent":67,"output":"json","expires":"Tue, 07 Nov 2023 06:10:34 +0100","generator":"reSmush.it rev.3.0.4.20210124"} 
[2023-11-07 05:05:46 : INFO] - There were no WebP conversion tools found on your server. 
[2023-11-07 05:05:46 : INFO] - Processing task with ID : 23, and type 'smush' 
[2023-11-07 05:05:46 : INFO] - Re_Smush_It_Task - Attachment ID : 51, Started on : November 07, 2023 05:03:24 
[2023-11-07 05:05:46 : INFO] - File: Rectangle-16.png, Compression quality: 92 
[2023-11-07 05:05:53 : INFO] - Backing up the original image - 2023/11/Rectangle-16-updraft-pre-smush-original.png 
[2023-11-07 05:05:53 : INFO] - There were no WebP conversion tools found on your server. 
[2023-11-07 05:05:53 : INFO] - Successfully optimized the image - C:\xampp\htdocs\alate/wp-content/uploads/2023/11/Rectangle-16.png.The file was compressed from 739.58 KB to 212.86 KB, saving 71.22 percent, using WP-Optimize 
[2023-11-07 05:05:53 : INFO] - Completed processing task with ID : 23, and type 'smush' 
[2023-11-07 05:05:53 : INFO] - Processing task with ID : 24, and type 'smush' 
[2023-11-07 05:05:53 : INFO] - Re_Smush_It_Task - Attachment ID : 52, Started on : November 07, 2023 05:03:24 
[2023-11-07 05:05:53 : INFO] - File: Rectangle-18.png, Compression quality: 92 
[2023-11-07 05:05:59 : INFO] - Backing up the original image - 2023/11/Rectangle-18-updraft-pre-smush-original.png 
[2023-11-07 05:05:59 : INFO] - There were no WebP conversion tools found on your server. 
[2023-11-07 05:06:00 : INFO] - Successfully optimized the image - C:\xampp\htdocs\alate/wp-content/uploads/2023/11/Rectangle-18.png.The file was compressed from 594.90 KB to 187.74 KB, saving 68.44 percent, using WP-Optimize 
[2023-11-07 05:06:00 : INFO] - Completed processing task with ID : 24, and type 'smush' 
[2023-11-07 05:06:00 : INFO] - Processing task with ID : 25, and type 'smush' 
[2023-11-07 05:06:00 : INFO] - Re_Smush_It_Task - Attachment ID : 53, Started on : November 07, 2023 05:03:24 
[2023-11-07 05:06:00 : INFO] - File: Rectangle-19.png, Compression quality: 92 
[2023-11-07 05:06:05 : INFO] - Backing up the original image - 2023/11/Rectangle-19-updraft-pre-smush-original.png 
[2023-11-07 05:06:05 : INFO] - There were no WebP conversion tools found on your server. 
[2023-11-07 05:06:05 : INFO] - Successfully optimized the image - C:\xampp\htdocs\alate/wp-content/uploads/2023/11/Rectangle-19.png.The file was compressed from 244.20 KB to 93.16 KB, saving 61.85 percent, using WP-Optimize 
[2023-11-07 05:06:05 : INFO] - Completed processing task with ID : 25, and type 'smush' 
[2023-11-07 05:06:05 : INFO] - Processing task with ID : 26, and type 'smush' 
[2023-11-07 05:06:05 : INFO] - Re_Smush_It_Task - Attachment ID : 54, Started on : November 07, 2023 05:03:24 
[2023-11-07 05:06:05 : INFO] - File: Rectangle-34.png, Compression quality: 92 
[2023-11-07 05:06:08 : INFO] - Backing up the original image - 2023/11/Rectangle-34-updraft-pre-smush-original.png 
[2023-11-07 05:06:08 : INFO] - There were no WebP conversion tools found on your server. 
[2023-11-07 05:06:08 : INFO] - Successfully optimized the image - C:\xampp\htdocs\alate/wp-content/uploads/2023/11/Rectangle-34.png.The file was compressed from 157.87 KB to 68.61 KB, saving 56.54 percent, using WP-Optimize 
[2023-11-07 05:06:08 : INFO] - Completed processing task with ID : 26, and type 'smush' 
[2023-11-07 05:06:08 : INFO] - Processing task with ID : 27, and type 'smush' 
[2023-11-07 05:06:08 : INFO] - Re_Smush_It_Task - Attachment ID : 55, Started on : November 07, 2023 05:03:24 
[2023-11-07 05:06:08 : INFO] - File: Rectangle-35.png, Compression quality: 92 
[2023-11-07 05:06:12 : INFO] - Backing up the original image - 2023/11/Rectangle-35-updraft-pre-smush-original.png 
[2023-11-07 05:06:12 : INFO] - There were no WebP conversion tools found on your server. 
[2023-11-07 05:06:12 : INFO] - Successfully optimized the image - C:\xampp\htdocs\alate/wp-content/uploads/2023/11/Rectangle-35.png.The file was compressed from 267.83 KB to 87.45 KB, saving 67.35 percent, using WP-Optimize 
[2023-11-07 05:06:12 : INFO] - Completed processing task with ID : 27, and type 'smush' 
[2023-11-07 05:06:12 : INFO] - Processing task with ID : 28, and type 'smush' 
[2023-11-07 05:06:12 : INFO] - Re_Smush_It_Task - Attachment ID : 56, Started on : November 07, 2023 05:03:24 
[2023-11-07 05:06:12 : INFO] - File: Rectangle-36.png, Compression quality: 92 
[2023-11-07 05:06:16 : INFO] - Backing up the original image - 2023/11/Rectangle-36-updraft-pre-smush-original.png 
[2023-11-07 05:06:16 : INFO] - There were no WebP conversion tools found on your server. 
[2023-11-07 05:06:16 : INFO] - Successfully optimized the image - C:\xampp\htdocs\alate/wp-content/uploads/2023/11/Rectangle-36.png.The file was compressed from 191.19 KB to 64.70 KB, saving 66.16 percent, using WP-Optimize 
[2023-11-07 05:06:16 : INFO] - Completed processing task with ID : 28, and type 'smush' 
[2023-11-07 05:06:16 : INFO] - Processing task with ID : 29, and type 'smush' 
[2023-11-07 05:06:16 : INFO] - Re_Smush_It_Task - Attachment ID : 57, Started on : November 07, 2023 05:03:24 
[2023-11-07 05:06:16 : INFO] - File: Rectangle-37.png, Compression quality: 92 
[2023-11-07 05:06:20 : INFO] - Backing up the original image - 2023/11/Rectangle-37-updraft-pre-smush-original.png 
[2023-11-07 05:06:20 : INFO] - There were no WebP conversion tools found on your server. 
[2023-11-07 05:06:20 : INFO] - Successfully optimized the image - C:\xampp\htdocs\alate/wp-content/uploads/2023/11/Rectangle-37.png.The file was compressed from 251.93 KB to 85.48 KB, saving 66.07 percent, using WP-Optimize 
[2023-11-07 05:06:20 : INFO] - Completed processing task with ID : 29, and type 'smush' 
[2023-11-07 05:06:20 : INFO] - Processing task with ID : 30, and type 'smush' 
[2023-11-07 05:06:20 : INFO] - Re_Smush_It_Task - Attachment ID : 58, Started on : November 07, 2023 05:03:24 
[2023-11-07 05:06:20 : INFO] - File: Rectangle-43.png, Compression quality: 92 
[2023-11-07 05:06:24 : INFO] - A total of 23 tasks of type smush found and will be processed in this iteration 
[2023-11-07 05:06:24 : DEBUG] - Lock option (updraft_lock_smush, wp_options) already existed in the database 
[2023-11-07 05:06:24 : INFO] - Lock (updraft_lock_smush, wp_options) could not be acquired (it is locked) 
[2023-11-07 05:06:24 : INFO] - Failed to gain semaphore lock (smush) - another process is already processing the queue - aborting (if this is wrong - i.e. if the other process crashed without removing the lock, then another can be started after 1 minute 
[2023-11-07 05:06:24 : INFO] - Cleaning up tasks of type (smush). A total of 9 tasks will be deleted. 
[2023-11-07 05:06:25 : INFO] - Backing up the original image - 2023/11/Rectangle-43-updraft-pre-smush-original.png 
[2023-11-07 05:06:25 : INFO] - There were no WebP conversion tools found on your server. 
[2023-11-07 05:06:25 : INFO] - Successfully optimized the image - C:\xampp\htdocs\alate/wp-content/uploads/2023/11/Rectangle-43.png.The file was compressed from 301.88 KB to 90.67 KB, saving 69.96 percent, using WP-Optimize 
[2023-11-07 05:06:25 : INFO] - Completed processing task with ID : 30, and type 'smush' 
[2023-11-07 05:06:25 : INFO] - Processing task with ID : 31, and type 'smush' 
[2023-11-07 05:06:26 : INFO] - Re_Smush_It_Task - Attachment ID : 59, Started on : November 07, 2023 05:03:25 
[2023-11-07 05:06:26 : INFO] - File: Rectangle-44.png, Compression quality: 92 
[2023-11-07 05:06:29 : INFO] - Backing up the original image - 2023/11/Rectangle-44-updraft-pre-smush-original.png 
[2023-11-07 05:06:29 : INFO] - There were no WebP conversion tools found on your server. 
[2023-11-07 05:06:29 : INFO] - Successfully optimized the image - C:\xampp\htdocs\alate/wp-content/uploads/2023/11/Rectangle-44.png.The file was compressed from 324.73 KB to 90.74 KB, saving 72.06 percent, using WP-Optimize 
[2023-11-07 05:06:29 : INFO] - Completed processing task with ID : 31, and type 'smush' 
[2023-11-07 05:06:29 : INFO] - Processing task with ID : 32, and type 'smush' 
[2023-11-07 05:06:29 : INFO] - Re_Smush_It_Task - Attachment ID : 60, Started on : November 07, 2023 05:03:25 
[2023-11-07 05:06:29 : INFO] - File: Rectangle-46.png, Compression quality: 92 
[2023-11-07 05:06:35 : INFO] - Backing up the original image - 2023/11/Rectangle-46-updraft-pre-smush-original.png 
[2023-11-07 05:06:35 : INFO] - There were no WebP conversion tools found on your server. 
[2023-11-07 05:06:35 : INFO] - Successfully optimized the image - C:\xampp\htdocs\alate/wp-content/uploads/2023/11/Rectangle-46.png.The file was compressed from 329.33 KB to 101.16 KB, saving 69.28 percent, using WP-Optimize 
[2023-11-07 05:06:35 : INFO] - Completed processing task with ID : 32, and type 'smush' 
[2023-11-07 05:06:35 : INFO] - Processing task with ID : 33, and type 'smush' 
[2023-11-07 05:06:35 : INFO] - Re_Smush_It_Task - Attachment ID : 61, Started on : November 07, 2023 05:03:25 
[2023-11-07 05:06:35 : INFO] - File: Rectangle-83.png, Compression quality: 92 
[2023-11-07 05:06:40 : INFO] - Backing up the original image - 2023/11/Rectangle-83-updraft-pre-smush-original.png 
[2023-11-07 05:06:40 : INFO] - There were no WebP conversion tools found on your server. 
[2023-11-07 05:06:40 : INFO] - Successfully optimized the image - C:\xampp\htdocs\alate/wp-content/uploads/2023/11/Rectangle-83.png.The file was compressed from 356.24 KB to 118.85 KB, saving 66.64 percent, using WP-Optimize 
[2023-11-07 05:06:40 : INFO] - Completed processing task with ID : 33, and type 'smush' 
[2023-11-07 05:06:40 : INFO] - Processing task with ID : 34, and type 'smush' 
[2023-11-07 05:06:40 : INFO] - Re_Smush_It_Task - Attachment ID : 62, Started on : November 07, 2023 05:03:25 
[2023-11-07 05:06:40 : INFO] - File: Rectangle-89.png, Compression quality: 92 
[2023-11-07 05:06:46 : INFO] - Backing up the original image - 2023/11/Rectangle-89-updraft-pre-smush-original.png 
[2023-11-07 05:06:47 : INFO] - There were no WebP conversion tools found on your server. 
[2023-11-07 05:06:47 : INFO] - Successfully optimized the image - C:\xampp\htdocs\alate/wp-content/uploads/2023/11/Rectangle-89.png.The file was compressed from 404.28 KB to 117.82 KB, saving 70.86 percent, using WP-Optimize 
[2023-11-07 05:06:47 : INFO] - Completed processing task with ID : 34, and type 'smush' 
[2023-11-07 05:06:47 : INFO] - Processing task with ID : 35, and type 'smush' 
[2023-11-07 05:06:47 : INFO] - Re_Smush_It_Task - Attachment ID : 63, Started on : November 07, 2023 05:03:25 
[2023-11-07 05:06:47 : INFO] - File: Rectangle-91.png, Compression quality: 92 
[2023-11-07 05:06:49 : INFO] - Backing up the original image - 2023/11/Rectangle-91-updraft-pre-smush-original.png 
[2023-11-07 05:06:49 : INFO] - There were no WebP conversion tools found on your server. 
[2023-11-07 05:06:50 : INFO] - Successfully optimized the image - C:\xampp\htdocs\alate/wp-content/uploads/2023/11/Rectangle-91.png.The file was compressed from 107.08 KB to 43.65 KB, saving 59.24 percent, using WP-Optimize 
[2023-11-07 05:06:50 : INFO] - Completed processing task with ID : 35, and type 'smush' 
[2023-11-07 05:06:50 : INFO] - Processing task with ID : 36, and type 'smush' 
[2023-11-07 05:06:50 : INFO] - Re_Smush_It_Task - Attachment ID : 64, Started on : November 07, 2023 05:03:25 
[2023-11-07 05:06:50 : INFO] - File: Rectangle-92.png, Compression quality: 92 
[2023-11-07 05:06:52 : INFO] - Backing up the original image - 2023/11/Rectangle-92-updraft-pre-smush-original.png 
[2023-11-07 05:06:52 : INFO] - There were no WebP conversion tools found on your server. 
[2023-11-07 05:06:52 : INFO] - Successfully optimized the image - C:\xampp\htdocs\alate/wp-content/uploads/2023/11/Rectangle-92.png.The file was compressed from 114.58 KB to 37.90 KB, saving 66.92 percent, using WP-Optimize 
[2023-11-07 05:06:53 : INFO] - Completed processing task with ID : 36, and type 'smush' 
[2023-11-07 05:06:53 : INFO] - Processing task with ID : 37, and type 'smush' 
[2023-11-07 05:06:53 : INFO] - Re_Smush_It_Task - Attachment ID : 65, Started on : November 07, 2023 05:03:25 
[2023-11-07 05:06:53 : INFO] - File: Rectangle-93.png, Compression quality: 92 
[2023-11-07 05:06:55 : INFO] - Backing up the original image - 2023/11/Rectangle-93-updraft-pre-smush-original.png 
[2023-11-07 05:06:55 : INFO] - There were no WebP conversion tools found on your server. 
[2023-11-07 05:06:55 : INFO] - Successfully optimized the image - C:\xampp\htdocs\alate/wp-content/uploads/2023/11/Rectangle-93.png.The file was compressed from 77.42 KB to 30.65 KB, saving 60.42 percent, using WP-Optimize 
[2023-11-07 05:06:55 : INFO] - Completed processing task with ID : 37, and type 'smush' 
[2023-11-07 05:06:55 : INFO] - Processing task with ID : 38, and type 'smush' 
[2023-11-07 05:06:55 : INFO] - Re_Smush_It_Task - Attachment ID : 66, Started on : November 07, 2023 05:03:25 
[2023-11-07 05:06:55 : INFO] - File: Rectangle-115.png, Compression quality: 92 
[2023-11-07 05:07:01 : INFO] - Backing up the original image - 2023/11/Rectangle-115-updraft-pre-smush-original.png 
[2023-11-07 05:07:01 : INFO] - There were no WebP conversion tools found on your server. 
[2023-11-07 05:07:01 : INFO] - Successfully optimized the image - C:\xampp\htdocs\alate/wp-content/uploads/2023/11/Rectangle-115.png.The file was compressed from 479.62 KB to 166.94 KB, saving 65.19 percent, using WP-Optimize 
[2023-11-07 05:07:01 : INFO] - Completed processing task with ID : 38, and type 'smush' 
[2023-11-07 05:07:01 : INFO] - Processing task with ID : 39, and type 'smush' 
[2023-11-07 05:07:01 : INFO] - Re_Smush_It_Task - Attachment ID : 67, Started on : November 07, 2023 05:03:25 
[2023-11-07 05:07:01 : INFO] - File: x.png, Compression quality: 92 
[2023-11-07 05:07:02 : INFO] - Backing up the original image - 2023/11/x-updraft-pre-smush-original.png 
[2023-11-07 05:07:02 : INFO] - There were no WebP conversion tools found on your server. 
[2023-11-07 05:07:02 : INFO] - Successfully optimized the image - C:\xampp\htdocs\alate/wp-content/uploads/2023/11/x.png.The file was compressed from 499 bytes to 408 bytes, saving 18.24 percent, using WP-Optimize 
[2023-11-07 05:07:03 : INFO] - Completed processing task with ID : 39, and type 'smush' 
[2023-11-07 05:07:03 : INFO] - Processing task with ID : 40, and type 'smush' 
[2023-11-07 05:07:03 : INFO] - Re_Smush_It_Task - Attachment ID : 68, Started on : November 07, 2023 05:03:25 
[2023-11-07 05:07:03 : INFO] - File: y.png, Compression quality: 92 
[2023-11-07 05:07:04 : INFO] - Backing up the original image - 2023/11/y-updraft-pre-smush-original.png 
[2023-11-07 05:07:04 : INFO] - There were no WebP conversion tools found on your server. 
[2023-11-07 05:07:04 : INFO] - Successfully optimized the image - C:\xampp\htdocs\alate/wp-content/uploads/2023/11/y.png.The file was compressed from 309 bytes to 266 bytes, saving 13.92 percent, using WP-Optimize 
[2023-11-07 05:07:04 : INFO] - Completed processing task with ID : 40, and type 'smush' 
[2023-11-07 05:07:04 : INFO] - Processing task with ID : 41, and type 'smush' 
[2023-11-07 05:07:04 : INFO] - Re_Smush_It_Task - Attachment ID : 69, Started on : November 07, 2023 05:03:25 
[2023-11-07 05:07:04 : INFO] - File: z.png, Compression quality: 92 
[2023-11-07 05:07:05 : INFO] - Backing up the original image - 2023/11/z-updraft-pre-smush-original.png 
[2023-11-07 05:07:05 : INFO] - There were no WebP conversion tools found on your server. 
[2023-11-07 05:07:05 : INFO] - Successfully optimized the image - C:\xampp\htdocs\alate/wp-content/uploads/2023/11/z.png.The file was compressed from 373 bytes to 312 bytes, saving 16.35 percent, using WP-Optimize 
[2023-11-07 05:07:05 : INFO] - Completed processing task with ID : 41, and type 'smush' 
[2023-11-07 05:07:05 : INFO] - Processing task with ID : 42, and type 'smush' 
[2023-11-07 05:07:05 : INFO] - Re_Smush_It_Task - Attachment ID : 70, Started on : November 07, 2023 05:03:25 
[2023-11-07 05:07:05 : INFO] - File: 1.png, Compression quality: 92 
[2023-11-07 05:07:06 : INFO] - Backing up the original image - 2023/11/1-updraft-pre-smush-original.png 
[2023-11-07 05:07:06 : INFO] - There were no WebP conversion tools found on your server. 
[2023-11-07 05:07:06 : INFO] - Successfully optimized the image - C:\xampp\htdocs\alate/wp-content/uploads/2023/11/1.png.The file was compressed from 1.75 KB to 973 bytes, saving 45.55 percent, using WP-Optimize 
[2023-11-07 05:07:06 : INFO] - Completed processing task with ID : 42, and type 'smush' 
[2023-11-07 05:07:06 : INFO] - Processing task with ID : 43, and type 'smush' 
[2023-11-07 05:07:06 : INFO] - Re_Smush_It_Task - Attachment ID : 71, Started on : November 07, 2023 05:03:25 
[2023-11-07 05:07:06 : INFO] - File: 2.png, Compression quality: 92 
[2023-11-07 05:07:08 : INFO] - Backing up the original image - 2023/11/2-updraft-pre-smush-original.png 
[2023-11-07 05:07:08 : INFO] - There were no WebP conversion tools found on your server. 
[2023-11-07 05:07:08 : INFO] - Successfully optimized the image - C:\xampp\htdocs\alate/wp-content/uploads/2023/11/2.png.The file was compressed from 1.74 KB to 952 bytes, saving 46.52 percent, using WP-Optimize 
[2023-11-07 05:07:08 : INFO] - Completed processing task with ID : 43, and type 'smush' 
[2023-11-07 05:07:08 : INFO] - Processing task with ID : 44, and type 'smush' 
[2023-11-07 05:07:08 : INFO] - Re_Smush_It_Task - Attachment ID : 72, Started on : November 07, 2023 05:03:26 
[2023-11-07 05:07:08 : INFO] - File: 3.png, Compression quality: 92 
[2023-11-07 05:07:09 : INFO] - Backing up the original image - 2023/11/3-updraft-pre-smush-original.png 
[2023-11-07 05:07:09 : INFO] - There were no WebP conversion tools found on your server. 
[2023-11-07 05:07:09 : INFO] - Successfully optimized the image - C:\xampp\htdocs\alate/wp-content/uploads/2023/11/3.png.The file was compressed from 1.39 KB to 833 bytes, saving 41.34 percent, using WP-Optimize 
[2023-11-07 05:07:09 : INFO] - Completed processing task with ID : 44, and type 'smush' 
[2023-11-07 05:07:09 : INFO] - Processing task with ID : 45, and type 'smush' 
[2023-11-07 05:07:09 : INFO] - Re_Smush_It_Task - Attachment ID : 73, Started on : November 07, 2023 05:03:26 
[2023-11-07 05:07:09 : INFO] - File: 4.png, Compression quality: 92 
[2023-11-07 05:07:10 : INFO] - Backing up the original image - 2023/11/4-updraft-pre-smush-original.png 
[2023-11-07 05:07:10 : INFO] - There were no WebP conversion tools found on your server. 
[2023-11-07 05:07:10 : INFO] - Successfully optimized the image - C:\xampp\htdocs\alate/wp-content/uploads/2023/11/4.png.The file was compressed from 1.61 KB to 905 bytes, saving 45.15 percent, using WP-Optimize 
[2023-11-07 05:07:10 : INFO] - Completed processing task with ID : 45, and type 'smush' 
[2023-11-07 05:07:10 : INFO] - Processing task with ID : 46, and type 'smush' 
[2023-11-07 05:07:10 : INFO] - Re_Smush_It_Task - Attachment ID : 74, Started on : November 07, 2023 05:03:26 
[2023-11-07 05:07:10 : INFO] - File: 5.png, Compression quality: 92 
[2023-11-07 05:07:11 : INFO] - Backing up the original image - 2023/11/5-updraft-pre-smush-original.png 
[2023-11-07 05:07:11 : INFO] - There were no WebP conversion tools found on your server. 
[2023-11-07 05:07:11 : INFO] - Successfully optimized the image - C:\xampp\htdocs\alate/wp-content/uploads/2023/11/5.png.The file was compressed from 2.03 KB to 1016 bytes, saving 51.2 percent, using WP-Optimize 
[2023-11-07 05:07:11 : INFO] - Completed processing task with ID : 46, and type 'smush' 
[2023-11-07 05:07:11 : INFO] - Processing task with ID : 47, and type 'smush' 
[2023-11-07 05:07:11 : INFO] - Re_Smush_It_Task - Attachment ID : 75, Started on : November 07, 2023 05:03:26 
[2023-11-07 05:07:11 : INFO] - File: 6.png, Compression quality: 92 
[2023-11-07 05:07:13 : INFO] - Backing up the original image - 2023/11/6-updraft-pre-smush-original.png 
[2023-11-07 05:07:13 : INFO] - There were no WebP conversion tools found on your server. 
[2023-11-07 05:07:13 : INFO] - Successfully optimized the image - C:\xampp\htdocs\alate/wp-content/uploads/2023/11/6.png.The file was compressed from 3.03 KB to 1.34 KB, saving 55.55 percent, using WP-Optimize 
[2023-11-07 05:07:13 : INFO] - Completed processing task with ID : 47, and type 'smush' 
[2023-11-07 05:07:13 : INFO] - Processing task with ID : 48, and type 'smush' 
[2023-11-07 05:07:13 : INFO] - Re_Smush_It_Task - Attachment ID : 76, Started on : November 07, 2023 05:03:26 
[2023-11-07 05:07:13 : INFO] - File: 7.png, Compression quality: 92 
[2023-11-07 05:07:14 : INFO] - Backing up the original image - 2023/11/7-updraft-pre-smush-original.png 
[2023-11-07 05:07:14 : INFO] - There were no WebP conversion tools found on your server. 
[2023-11-07 05:07:14 : INFO] - Successfully optimized the image - C:\xampp\htdocs\alate/wp-content/uploads/2023/11/7.png.The file was compressed from 2.95 KB to 1.35 KB, saving 54.18 percent, using WP-Optimize 
[2023-11-07 05:07:14 : INFO] - Completed processing task with ID : 48, and type 'smush' 
[2023-11-07 05:07:14 : INFO] - Processing task with ID : 49, and type 'smush' 
[2023-11-07 05:07:14 : INFO] - Re_Smush_It_Task - Attachment ID : 77, Started on : November 07, 2023 05:03:26 
[2023-11-07 05:07:14 : INFO] - File: 8.png, Compression quality: 92 
[2023-11-07 05:07:15 : INFO] - Backing up the original image - 2023/11/8-updraft-pre-smush-original.png 
[2023-11-07 05:07:15 : INFO] - There were no WebP conversion tools found on your server. 
[2023-11-07 05:07:15 : INFO] - Successfully optimized the image - C:\xampp\htdocs\alate/wp-content/uploads/2023/11/8.png.The file was compressed from 2.53 KB to 1.23 KB, saving 51.33 percent, using WP-Optimize 
[2023-11-07 05:07:15 : INFO] - Completed processing task with ID : 49, and type 'smush' 
[2023-11-07 05:07:15 : INFO] - Processing task with ID : 50, and type 'smush' 
[2023-11-07 05:07:15 : INFO] - Re_Smush_It_Task - Attachment ID : 78, Started on : November 07, 2023 05:03:26 
[2023-11-07 05:07:15 : INFO] - File: Alate-logo-_-tagline-1.png, Compression quality: 92 
[2023-11-07 05:07:17 : INFO] - Backing up the original image - 2023/11/Alate-logo-_-tagline-1-updraft-pre-smush-original.png 
[2023-11-07 05:07:17 : INFO] - There were no WebP conversion tools found on your server. 
[2023-11-07 05:07:17 : INFO] - Successfully optimized the image - C:\xampp\htdocs\alate/wp-content/uploads/2023/11/Alate-logo-_-tagline-1.png.The file was compressed from 7.05 KB to 3.62 KB, saving 48.58 percent, using WP-Optimize 
[2023-11-07 05:07:17 : INFO] - Completed processing task with ID : 50, and type 'smush' 
[2023-11-07 05:07:17 : INFO] - Processing task with ID : 51, and type 'smush' 
[2023-11-07 05:07:17 : INFO] - Re_Smush_It_Task - Attachment ID : 89, Started on : November 07, 2023 05:03:26 
[2023-11-07 05:07:17 : INFO] - File: Alate-logo-_-tagline-2.png, Compression quality: 92 
[2023-11-07 05:07:18 : INFO] - Backing up the original image - 2023/11/Alate-logo-_-tagline-2-updraft-pre-smush-original.png 
[2023-11-07 05:07:18 : INFO] - There were no WebP conversion tools found on your server. 
[2023-11-07 05:07:19 : INFO] - Successfully optimized the image - C:\xampp\htdocs\alate/wp-content/uploads/2023/11/Alate-logo-_-tagline-2.png.The file was compressed from 3.38 KB to 2.90 KB, saving 14.23 percent, using WP-Optimize 
[2023-11-07 05:07:19 : INFO] - Completed processing task with ID : 51, and type 'smush' 
[2023-11-07 05:07:19 : INFO] - Processing task with ID : 52, and type 'smush' 
[2023-11-07 05:07:19 : INFO] - Re_Smush_It_Task - Attachment ID : 121, Started on : November 07, 2023 05:03:26 
[2023-11-07 05:07:19 : INFO] - File: Rectangle-1-1-1.png, Compression quality: 92 
[2023-11-07 05:07:26 : INFO] - A total of 1 tasks of type smush found and will be processed in this iteration 
[2023-11-07 05:07:26 : DEBUG] - Lock option (updraft_lock_smush, wp_options) already existed in the database 
[2023-11-07 05:07:26 : INFO] - Lock (updraft_lock_smush, wp_options) could not be acquired (it is locked) 
[2023-11-07 05:07:26 : INFO] - Failed to gain semaphore lock (smush) - another process is already processing the queue - aborting (if this is wrong - i.e. if the other process crashed without removing the lock, then another can be started after 1 minute 
[2023-11-07 05:07:26 : INFO] - Cleaning up tasks of type (smush). A total of 22 tasks will be deleted. 
[2023-11-07 05:07:28 : INFO] - Task with ID 52 and type (smush) failed with error code invalid_response - The compression apparently succeeded, but WP-Optimize could not retrieve the compressed image from the remote server. 
[2023-11-07 05:07:28 : INFO] - data: {"src":"http:\/\/par4.static.resmush.it\/a433bb8bc4551bd219c7126ad9c6cda7\/_src_Rectangle-1-1-1.png","dest":"http:\/\/par4.static.resmush.it\/a433bb8bc4551bd219c7126ad9c6cda7\/Rectangle-1-1-1.png","src_size":1705538,"dest_size":1705538,"percent":0,"output":"json","expires":"Tue, 07 Nov 2023 06:12:21 +0100","generator":"reSmush.it rev.3.0.4.20210124"} 
[2023-11-07 05:07:28 : INFO] - There were no WebP conversion tools found on your server. 
[2023-11-07 05:07:28 : INFO] - Lock option (updraft_lock_smush, wp_options) released 
[2023-11-07 05:07:28 : INFO] - Successfully processed the queue (smush). 52 tasks were processed out of 52. 
[2023-11-07 05:07:28 : INFO] - Lock option (updraft_lock_smush, wp_options) was deleted from the database 
